-------------------------------------------------------------------------------
Test set: at.device.manager.DeviceManagerApplicationTests
-------------------------------------------------------------------------------
Tests run: 1, Failures: 0, Errors: 1, Skipped: 0, Time elapsed: 0.598 s <<< FAILURE! - in at.device.manager.DeviceManagerApplicationTests
initializationError(at.device.manager.DeviceManagerApplicationTests)  Time elapsed: 0.019 s  <<< ERROR!
java.lang.IllegalStateException: Unable to find a @SpringBootConfiguration, you need to use @ContextConfiguration or @SpringBootTest(classes=...) with your test

